

*******************************************************************************
Wed Sep 21 17:49:04 2022


FIT:    data read from '/home/acki/Documents/Projet-final/bubble_sort.csv'
        format = z
        #datapoints = 50
        residuals are weighted equally (unit weight)

function used for fitting: f(x)
	f(x) = c * x ** 2
fitted parameters initialized with current variable values

iter      chisq       delta/lim  lambda   c            
   0 4.1041483348e+18   0.00e+00  2.87e+08    1.000000e+00
   4 3.5947036553e+04  -7.02e-04  2.87e+04    2.220632e-06

After 4 iterations the fit converged.
final sum of squares of residuals : 35947
rel. change during last iteration : -7.02044e-09

degrees of freedom    (FIT_NDF)                        : 49
rms of residuals      (FIT_STDFIT) = sqrt(WSSR/ndf)    : 27.0853
variance of residuals (reduced chisquare) = WSSR/ndf   : 733.613

Final set of parameters            Asymptotic Standard Error
=======================            ==========================
c               = 2.22063e-06      +/- 1.337e-08    (0.6021%)
