

*******************************************************************************
Sat Sep 24 17:45:04 2022


FIT:    data read from '/home/acki/Documents/Projet-final/bubble_sort/bubble_sort.csv'
        format = z
        #datapoints = 50
        residuals are weighted equally (unit weight)

function used for fitting: f(x)
	f(x) = c * x ** 2
fitted parameters initialized with current variable values

iter      chisq       delta/lim  lambda   c            
   0 4.1041483109e+18   0.00e+00  2.87e+08    1.000000e+00
   4 3.2059865473e+04  -7.87e-04  2.87e+04    2.223551e-06

After 4 iterations the fit converged.
final sum of squares of residuals : 32059.9
rel. change during last iteration : -7.87164e-09

degrees of freedom    (FIT_NDF)                        : 49
rms of residuals      (FIT_STDFIT) = sqrt(WSSR/ndf)    : 25.579
variance of residuals (reduced chisquare) = WSSR/ndf   : 654.283

Final set of parameters            Asymptotic Standard Error
=======================            ==========================
c               = 2.22355e-06      +/- 1.263e-08    (0.5678%)


*******************************************************************************
Sat Sep 24 17:46:41 2022


FIT:    data read from '/home/acki/Documents/Projet-final/bubble_sort/bubble_sort.csv'
        format = z
        #datapoints = 50
        residuals are weighted equally (unit weight)

function used for fitting: f(x)
	f(x) = c * x ** 2
fitted parameters initialized with current variable values

iter      chisq       delta/lim  lambda   c            
   0 4.1041483109e+18   0.00e+00  2.87e+08    1.000000e+00
   4 3.2059865473e+04  -7.87e-04  2.87e+04    2.223551e-06

After 4 iterations the fit converged.
final sum of squares of residuals : 32059.9
rel. change during last iteration : -7.87164e-09

degrees of freedom    (FIT_NDF)                        : 49
rms of residuals      (FIT_STDFIT) = sqrt(WSSR/ndf)    : 25.579
variance of residuals (reduced chisquare) = WSSR/ndf   : 654.283

Final set of parameters            Asymptotic Standard Error
=======================            ==========================
c               = 2.22355e-06      +/- 1.263e-08    (0.5678%)
