

*******************************************************************************
Sat Sep 24 17:45:22 2022


FIT:    data read from '/home/acki/Documents/Projet-final/counting_sort/counting_sort.csv'
        format = z
        #datapoints = 50
        residuals are weighted equally (unit weight)

function used for fitting: f(x)
	f(x) = c * (x+k)-0.95
fitted parameters initialized with current variable values

iter      chisq       delta/lim  lambda   c            
   0 6.3821888673e+11   0.00e+00  1.13e+05    1.000000e+00
   4 9.1576629674e-04  -4.29e-03  1.13e+01    9.685619e-06

After 4 iterations the fit converged.
final sum of squares of residuals : 0.000915766
rel. change during last iteration : -4.28538e-08

degrees of freedom    (FIT_NDF)                        : 49
rms of residuals      (FIT_STDFIT) = sqrt(WSSR/ndf)    : 0.00432309
variance of residuals (reduced chisquare) = WSSR/ndf   : 1.86891e-05

Final set of parameters            Asymptotic Standard Error
=======================            ==========================
c               = 9.68562e-06      +/- 5.411e-09    (0.05587%)


*******************************************************************************
Sat Sep 24 17:46:42 2022


FIT:    data read from '/home/acki/Documents/Projet-final/counting_sort/counting_sort.csv'
        format = z
        #datapoints = 50
        residuals are weighted equally (unit weight)

function used for fitting: f(x)
	f(x) = c * (x+k)-0.95
fitted parameters initialized with current variable values

iter      chisq       delta/lim  lambda   c            
   0 6.3821888673e+11   0.00e+00  1.13e+05    1.000000e+00
   4 9.1576629674e-04  -4.29e-03  1.13e+01    9.685619e-06

After 4 iterations the fit converged.
final sum of squares of residuals : 0.000915766
rel. change during last iteration : -4.28538e-08

degrees of freedom    (FIT_NDF)                        : 49
rms of residuals      (FIT_STDFIT) = sqrt(WSSR/ndf)    : 0.00432309
variance of residuals (reduced chisquare) = WSSR/ndf   : 1.86891e-05

Final set of parameters            Asymptotic Standard Error
=======================            ==========================
c               = 9.68562e-06      +/- 5.411e-09    (0.05587%)


*******************************************************************************
Sat Sep 24 18:14:41 2022


FIT:    data read from '/home/acki/Documents/Projet-final/counting_sort/counting_sort.csv'
        format = z
        #datapoints = 50
        residuals are weighted equally (unit weight)

function used for fitting: f(x)
	f(x) = c * (x+k)-0.95
fitted parameters initialized with current variable values

iter      chisq       delta/lim  lambda   c            
   0 6.3821888673e+11   0.00e+00  1.13e+05    1.000000e+00
   4 9.1576629674e-04  -4.29e-03  1.13e+01    9.685619e-06

After 4 iterations the fit converged.
final sum of squares of residuals : 0.000915766
rel. change during last iteration : -4.28538e-08

degrees of freedom    (FIT_NDF)                        : 49
rms of residuals      (FIT_STDFIT) = sqrt(WSSR/ndf)    : 0.00432309
variance of residuals (reduced chisquare) = WSSR/ndf   : 1.86891e-05

Final set of parameters            Asymptotic Standard Error
=======================            ==========================
c               = 9.68562e-06      +/- 5.411e-09    (0.05587%)
