

*******************************************************************************
Sat Sep 24 17:46:42 2022


FIT:    data read from '/home/acki/Documents/Projet-final/bubble_sort_V2/bubble_sortV2.csv'
        format = z
        #datapoints = 50
        residuals are weighted equally (unit weight)

function used for fitting: f(x)
	f(x) = c * x ** 2
fitted parameters initialized with current variable values

iter      chisq       delta/lim  lambda   c            
   0 4.1041460187e+18   0.00e+00  2.87e+08    1.000000e+00
   4 3.3615162370e+04  -7.51e-04  2.87e+04    2.502800e-06

After 4 iterations the fit converged.
final sum of squares of residuals : 33615.2
rel. change during last iteration : -7.50744e-09

degrees of freedom    (FIT_NDF)                        : 49
rms of residuals      (FIT_STDFIT) = sqrt(WSSR/ndf)    : 26.1921
variance of residuals (reduced chisquare) = WSSR/ndf   : 686.024

Final set of parameters            Asymptotic Standard Error
=======================            ==========================
c               = 2.5028e-06       +/- 1.293e-08    (0.5166%)


*******************************************************************************
Sat Sep 24 17:48:29 2022


FIT:    data read from '/home/acki/Documents/Projet-final/bubble_sort_V2/bubble_sortV2.csv'
        format = z
        #datapoints = 50
        residuals are weighted equally (unit weight)

function used for fitting: f(x)
	f(x) = c * x ** 2
fitted parameters initialized with current variable values

iter      chisq       delta/lim  lambda   c            
   0 4.1041460187e+18   0.00e+00  2.87e+08    1.000000e+00
   4 3.3615162370e+04  -7.51e-04  2.87e+04    2.502800e-06

After 4 iterations the fit converged.
final sum of squares of residuals : 33615.2
rel. change during last iteration : -7.50744e-09

degrees of freedom    (FIT_NDF)                        : 49
rms of residuals      (FIT_STDFIT) = sqrt(WSSR/ndf)    : 26.1921
variance of residuals (reduced chisquare) = WSSR/ndf   : 686.024

Final set of parameters            Asymptotic Standard Error
=======================            ==========================
c               = 2.5028e-06       +/- 1.293e-08    (0.5166%)
