

*******************************************************************************
Sat Sep 24 17:46:42 2022


FIT:    data read from '/home/acki/Documents/Projet-final/bubble_sort_decroissant_V2/bubble_sort_decroissantV2.csv'
        format = z
        #datapoints = 50
        residuals are weighted equally (unit weight)

function used for fitting: f(x)
	f(x) = c * x ** 2
fitted parameters initialized with current variable values

iter      chisq       delta/lim  lambda   c            
   0 4.1041459771e+18   0.00e+00  2.87e+08    1.000000e+00
   4 2.4160232390e+02  -1.04e-01  2.87e+04    2.507870e-06

After 4 iterations the fit converged.
final sum of squares of residuals : 241.602
rel. change during last iteration : -1.04454e-06

degrees of freedom    (FIT_NDF)                        : 49
rms of residuals      (FIT_STDFIT) = sqrt(WSSR/ndf)    : 2.22051
variance of residuals (reduced chisquare) = WSSR/ndf   : 4.93066

Final set of parameters            Asymptotic Standard Error
=======================            ==========================
c               = 2.50787e-06      +/- 1.096e-09    (0.04371%)


*******************************************************************************
Sat Sep 24 17:48:05 2022


FIT:    data read from '/home/acki/Documents/Projet-final/bubble_sort_decroissant_V2/bubble_sort_decroissantV2.csv'
        format = z
        #datapoints = 50
        residuals are weighted equally (unit weight)

function used for fitting: f(x)
	f(x) = c * x ** 2
fitted parameters initialized with current variable values

iter      chisq       delta/lim  lambda   c            
   0 4.1041459771e+18   0.00e+00  2.87e+08    1.000000e+00
   4 2.4160232390e+02  -1.04e-01  2.87e+04    2.507870e-06

After 4 iterations the fit converged.
final sum of squares of residuals : 241.602
rel. change during last iteration : -1.04454e-06

degrees of freedom    (FIT_NDF)                        : 49
rms of residuals      (FIT_STDFIT) = sqrt(WSSR/ndf)    : 2.22051
variance of residuals (reduced chisquare) = WSSR/ndf   : 4.93066

Final set of parameters            Asymptotic Standard Error
=======================            ==========================
c               = 2.50787e-06      +/- 1.096e-09    (0.04371%)
