

*******************************************************************************
Sat Sep 24 17:46:44 2022


FIT:    data read from '/home/acki/Documents/Projet-final/heap_sort/heap_sort.csv'
        format = z
        #datapoints = 50
        residuals are weighted equally (unit weight)

function used for fitting: f(x)
	f(x) = c * x * log(x)
fitted parameters initialized with current variable values

iter      chisq       delta/lim  lambda   c            
   0 1.0324525218e+12   0.00e+00  1.44e+05    1.000000e+00
   4 3.1562852263e-02  -2.01e-04  1.44e+01    1.691166e-05

After 4 iterations the fit converged.
final sum of squares of residuals : 0.0315629
rel. change during last iteration : -2.0114e-09

degrees of freedom    (FIT_NDF)                        : 49
rms of residuals      (FIT_STDFIT) = sqrt(WSSR/ndf)    : 0.0253799
variance of residuals (reduced chisquare) = WSSR/ndf   : 0.00064414

Final set of parameters            Asymptotic Standard Error
=======================            ==========================
c               = 1.69117e-05      +/- 2.498e-08    (0.1477%)


*******************************************************************************
Sat Sep 24 17:48:20 2022


FIT:    data read from '/home/acki/Documents/Projet-final/heap_sort/heap_sort.csv'
        format = z
        #datapoints = 50
        residuals are weighted equally (unit weight)

function used for fitting: f(x)
	f(x) = c * x * log(x)
fitted parameters initialized with current variable values

iter      chisq       delta/lim  lambda   c            
   0 1.0324525218e+12   0.00e+00  1.44e+05    1.000000e+00
   4 3.1562852263e-02  -2.01e-04  1.44e+01    1.691166e-05

After 4 iterations the fit converged.
final sum of squares of residuals : 0.0315629
rel. change during last iteration : -2.0114e-09

degrees of freedom    (FIT_NDF)                        : 49
rms of residuals      (FIT_STDFIT) = sqrt(WSSR/ndf)    : 0.0253799
variance of residuals (reduced chisquare) = WSSR/ndf   : 0.00064414

Final set of parameters            Asymptotic Standard Error
=======================            ==========================
c               = 1.69117e-05      +/- 2.498e-08    (0.1477%)
