

*******************************************************************************
Wed Sep 21 17:48:43 2022


FIT:    data read from '/home/acki/Documents/Projet-final/heap_sort.csv'
        format = z
        #datapoints = 50
        residuals are weighted equally (unit weight)

function used for fitting: f(x)
	f(x) = c * x * log(x)
fitted parameters initialized with current variable values

iter      chisq       delta/lim  lambda   c            
   0 1.0324523337e+12   0.00e+00  1.44e+05    1.000000e+00
   4 5.5388493764e-02  -1.15e-04  1.44e+01    1.700274e-05

After 4 iterations the fit converged.
final sum of squares of residuals : 0.0553885
rel. change during last iteration : -1.14618e-09

degrees of freedom    (FIT_NDF)                        : 49
rms of residuals      (FIT_STDFIT) = sqrt(WSSR/ndf)    : 0.0336211
variance of residuals (reduced chisquare) = WSSR/ndf   : 0.00113038

Final set of parameters            Asymptotic Standard Error
=======================            ==========================
c               = 1.70027e-05      +/- 3.309e-08    (0.1946%)
