

*******************************************************************************
Wed Sep 21 20:56:10 2022


FIT:    data read from '/home/acki/Documents/Projet-final/counting_sort_not_best/counting_sort_not_best.csv'
        format = z
        #datapoints = 50
        residuals are weighted equally (unit weight)

function used for fitting: f(x)
	f(x) = c * (x+k)-19
fitted parameters initialized with current variable values

iter      chisq       delta/lim  lambda   c            
   0 5.1283575555e+13   0.00e+00  1.01e+06    1.000000e+00
   4 1.4426637549e-02  -2.19e-02  1.01e+02    2.101674e-05

After 4 iterations the fit converged.
final sum of squares of residuals : 0.0144266
rel. change during last iteration : -2.18583e-07

degrees of freedom    (FIT_NDF)                        : 49
rms of residuals      (FIT_STDFIT) = sqrt(WSSR/ndf)    : 0.0171587
variance of residuals (reduced chisquare) = WSSR/ndf   : 0.000294421

Final set of parameters            Asymptotic Standard Error
=======================            ==========================
c               = 2.10167e-05      +/- 2.396e-09    (0.0114%)


*******************************************************************************
Wed Sep 21 20:57:45 2022


FIT:    data read from '/home/acki/Documents/Projet-final/counting_sort_not_best/counting_sort_not_best.csv'
        format = z
        #datapoints = 50
        residuals are weighted equally (unit weight)

function used for fitting: f(x)
	f(x) = c * (x+k)-19
fitted parameters initialized with current variable values

iter      chisq       delta/lim  lambda   c            
   0 5.1283575555e+13   0.00e+00  1.01e+06    1.000000e+00
   4 1.4426637549e-02  -2.19e-02  1.01e+02    2.101674e-05

After 4 iterations the fit converged.
final sum of squares of residuals : 0.0144266
rel. change during last iteration : -2.18583e-07

degrees of freedom    (FIT_NDF)                        : 49
rms of residuals      (FIT_STDFIT) = sqrt(WSSR/ndf)    : 0.0171587
variance of residuals (reduced chisquare) = WSSR/ndf   : 0.000294421

Final set of parameters            Asymptotic Standard Error
=======================            ==========================
c               = 2.10167e-05      +/- 2.396e-09    (0.0114%)


*******************************************************************************
Wed Sep 21 20:57:58 2022


FIT:    data read from '/home/acki/Documents/Projet-final/counting_sort_not_best/counting_sort_not_best.csv'
        format = z
        #datapoints = 50
        residuals are weighted equally (unit weight)

function used for fitting: f(x)
	f(x) = c * (x+k)-19
fitted parameters initialized with current variable values

iter      chisq       delta/lim  lambda   c            
   0 5.1283575555e+13   0.00e+00  1.01e+06    1.000000e+00
   4 1.4426637549e-02  -2.19e-02  1.01e+02    2.101674e-05

After 4 iterations the fit converged.
final sum of squares of residuals : 0.0144266
rel. change during last iteration : -2.18583e-07

degrees of freedom    (FIT_NDF)                        : 49
rms of residuals      (FIT_STDFIT) = sqrt(WSSR/ndf)    : 0.0171587
variance of residuals (reduced chisquare) = WSSR/ndf   : 0.000294421

Final set of parameters            Asymptotic Standard Error
=======================            ==========================
c               = 2.10167e-05      +/- 2.396e-09    (0.0114%)


*******************************************************************************
Wed Sep 21 20:59:01 2022


FIT:    data read from '/home/acki/Documents/Projet-final/counting_sort_not_best/counting_sort_not_best.csv'
        format = z
        #datapoints = 50
        residuals are weighted equally (unit weight)

function used for fitting: f(x)
	f(x) = c * (x+k)-19
fitted parameters initialized with current variable values

iter      chisq       delta/lim  lambda   c            
   0 5.1283575555e+13   0.00e+00  1.01e+06    1.000000e+00
   4 1.4426637549e-02  -2.19e-02  1.01e+02    2.101674e-05

After 4 iterations the fit converged.
final sum of squares of residuals : 0.0144266
rel. change during last iteration : -2.18583e-07

degrees of freedom    (FIT_NDF)                        : 49
rms of residuals      (FIT_STDFIT) = sqrt(WSSR/ndf)    : 0.0171587
variance of residuals (reduced chisquare) = WSSR/ndf   : 0.000294421

Final set of parameters            Asymptotic Standard Error
=======================            ==========================
c               = 2.10167e-05      +/- 2.396e-09    (0.0114%)


*******************************************************************************
Wed Sep 21 21:00:38 2022


FIT:    data read from '/home/acki/Documents/Projet-final/counting_sort_not_best/counting_sort_not_best.csv'
        format = z
        #datapoints = 50
        residuals are weighted equally (unit weight)

function used for fitting: f(x)
	f(x) = c * (x+k)-19
fitted parameters initialized with current variable values

iter      chisq       delta/lim  lambda   c            
   0 5.1283575555e+13   0.00e+00  1.01e+06    1.000000e+00
   4 1.4426637549e-02  -2.19e-02  1.01e+02    2.101674e-05

After 4 iterations the fit converged.
final sum of squares of residuals : 0.0144266
rel. change during last iteration : -2.18583e-07

degrees of freedom    (FIT_NDF)                        : 49
rms of residuals      (FIT_STDFIT) = sqrt(WSSR/ndf)    : 0.0171587
variance of residuals (reduced chisquare) = WSSR/ndf   : 0.000294421

Final set of parameters            Asymptotic Standard Error
=======================            ==========================
c               = 2.10167e-05      +/- 2.396e-09    (0.0114%)


*******************************************************************************
Wed Sep 21 21:01:22 2022


FIT:    data read from '/home/acki/Documents/Projet-final/counting_sort_not_best/counting_sort_not_best.csv'
        format = z
        #datapoints = 50
        residuals are weighted equally (unit weight)

function used for fitting: f(x)
	f(x) = c * (x+k)-19
fitted parameters initialized with current variable values

iter      chisq       delta/lim  lambda   c            
   0 5.1283575555e+13   0.00e+00  1.01e+06    1.000000e+00
   4 1.4426637549e-02  -2.19e-02  1.01e+02    2.101674e-05

After 4 iterations the fit converged.
final sum of squares of residuals : 0.0144266
rel. change during last iteration : -2.18583e-07

degrees of freedom    (FIT_NDF)                        : 49
rms of residuals      (FIT_STDFIT) = sqrt(WSSR/ndf)    : 0.0171587
variance of residuals (reduced chisquare) = WSSR/ndf   : 0.000294421

Final set of parameters            Asymptotic Standard Error
=======================            ==========================
c               = 2.10167e-05      +/- 2.396e-09    (0.0114%)


*******************************************************************************
Wed Sep 21 21:01:58 2022


FIT:    data read from '/home/acki/Documents/Projet-final/counting_sort_not_best/counting_sort_not_best.csv'
        format = z
        #datapoints = 50
        residuals are weighted equally (unit weight)

function used for fitting: f(x)
	f(x) = c * (x+k)-19
fitted parameters initialized with current variable values

iter      chisq       delta/lim  lambda   c            
   0 5.1283575555e+13   0.00e+00  1.01e+06    1.000000e+00
   4 1.4426637549e-02  -2.19e-02  1.01e+02    2.101674e-05

After 4 iterations the fit converged.
final sum of squares of residuals : 0.0144266
rel. change during last iteration : -2.18583e-07

degrees of freedom    (FIT_NDF)                        : 49
rms of residuals      (FIT_STDFIT) = sqrt(WSSR/ndf)    : 0.0171587
variance of residuals (reduced chisquare) = WSSR/ndf   : 0.000294421

Final set of parameters            Asymptotic Standard Error
=======================            ==========================
c               = 2.10167e-05      +/- 2.396e-09    (0.0114%)


*******************************************************************************
Wed Sep 21 21:06:46 2022


FIT:    data read from '/home/acki/Documents/Projet-final/counting_sort_not_best/counting_sort_not_best.csv'
        format = z
        #datapoints = 50
        residuals are weighted equally (unit weight)

function used for fitting: f(x)
	f(x) = c * (x+k)-19
fitted parameters initialized with current variable values

iter      chisq       delta/lim  lambda   c            
   0 5.1283575555e+13   0.00e+00  1.01e+06    1.000000e+00
   4 1.4426637549e-02  -2.19e-02  1.01e+02    2.101674e-05

After 4 iterations the fit converged.
final sum of squares of residuals : 0.0144266
rel. change during last iteration : -2.18583e-07

degrees of freedom    (FIT_NDF)                        : 49
rms of residuals      (FIT_STDFIT) = sqrt(WSSR/ndf)    : 0.0171587
variance of residuals (reduced chisquare) = WSSR/ndf   : 0.000294421

Final set of parameters            Asymptotic Standard Error
=======================            ==========================
c               = 2.10167e-05      +/- 2.396e-09    (0.0114%)


*******************************************************************************
Wed Sep 21 21:06:56 2022


FIT:    data read from '/home/acki/Documents/Projet-final/counting_sort_not_best/counting_sort_not_best.csv'
        format = z
        #datapoints = 50
        residuals are weighted equally (unit weight)

function used for fitting: f(x)
	f(x) = c * (x+k)-19
fitted parameters initialized with current variable values

iter      chisq       delta/lim  lambda   c            
   0 5.1283575555e+13   0.00e+00  1.01e+06    1.000000e+00
   4 1.4426637549e-02  -2.19e-02  1.01e+02    2.101674e-05

After 4 iterations the fit converged.
final sum of squares of residuals : 0.0144266
rel. change during last iteration : -2.18583e-07

degrees of freedom    (FIT_NDF)                        : 49
rms of residuals      (FIT_STDFIT) = sqrt(WSSR/ndf)    : 0.0171587
variance of residuals (reduced chisquare) = WSSR/ndf   : 0.000294421

Final set of parameters            Asymptotic Standard Error
=======================            ==========================
c               = 2.10167e-05      +/- 2.396e-09    (0.0114%)


*******************************************************************************
Sat Sep 24 17:45:33 2022


FIT:    data read from '/home/acki/Documents/Projet-final/counting_sort_not_best/counting_sort_not_best.csv'
        format = z
        #datapoints = 50
        residuals are weighted equally (unit weight)

function used for fitting: f(x)
	f(x) = c * (x+k)-19
fitted parameters initialized with current variable values

iter      chisq       delta/lim  lambda   c            
   0 5.1283572952e+13   0.00e+00  1.01e+06    1.000000e+00
   4 1.0463335477e-01  -3.01e-03  1.01e+02    2.104212e-05

After 4 iterations the fit converged.
final sum of squares of residuals : 0.104633
rel. change during last iteration : -3.01379e-08

degrees of freedom    (FIT_NDF)                        : 49
rms of residuals      (FIT_STDFIT) = sqrt(WSSR/ndf)    : 0.0462101
variance of residuals (reduced chisquare) = WSSR/ndf   : 0.00213537

Final set of parameters            Asymptotic Standard Error
=======================            ==========================
c               = 2.10421e-05      +/- 6.453e-09    (0.03067%)


*******************************************************************************
Sat Sep 24 17:46:43 2022


FIT:    data read from '/home/acki/Documents/Projet-final/counting_sort_not_best/counting_sort_not_best.csv'
        format = z
        #datapoints = 50
        residuals are weighted equally (unit weight)

function used for fitting: f(x)
	f(x) = c * (x+k)-19
fitted parameters initialized with current variable values

iter      chisq       delta/lim  lambda   c            
   0 5.1283572952e+13   0.00e+00  1.01e+06    1.000000e+00
   4 1.0463335477e-01  -3.01e-03  1.01e+02    2.104212e-05

After 4 iterations the fit converged.
final sum of squares of residuals : 0.104633
rel. change during last iteration : -3.01379e-08

degrees of freedom    (FIT_NDF)                        : 49
rms of residuals      (FIT_STDFIT) = sqrt(WSSR/ndf)    : 0.0462101
variance of residuals (reduced chisquare) = WSSR/ndf   : 0.00213537

Final set of parameters            Asymptotic Standard Error
=======================            ==========================
c               = 2.10421e-05      +/- 6.453e-09    (0.03067%)


*******************************************************************************
Sat Sep 24 18:15:01 2022


FIT:    data read from '/home/acki/Documents/Projet-final/counting_sort_not_best/counting_sort_not_best.csv'
        format = z
        #datapoints = 50
        residuals are weighted equally (unit weight)

function used for fitting: f(x)
	f(x) = c * (x+k)-19
fitted parameters initialized with current variable values

iter      chisq       delta/lim  lambda   c            
   0 5.1283572952e+13   0.00e+00  1.01e+06    1.000000e+00
   4 1.0463335477e-01  -3.01e-03  1.01e+02    2.104212e-05

After 4 iterations the fit converged.
final sum of squares of residuals : 0.104633
rel. change during last iteration : -3.01379e-08

degrees of freedom    (FIT_NDF)                        : 49
rms of residuals      (FIT_STDFIT) = sqrt(WSSR/ndf)    : 0.0462101
variance of residuals (reduced chisquare) = WSSR/ndf   : 0.00213537

Final set of parameters            Asymptotic Standard Error
=======================            ==========================
c               = 2.10421e-05      +/- 6.453e-09    (0.03067%)
