

*******************************************************************************
Wed Sep 21 17:50:07 2022


FIT:    data read from '/home/acki/Documents/Projet-final/bubble_sort_croissantV2.csv'
        format = z
        #datapoints = 50
        residuals are weighted equally (unit weight)

function used for fitting: f(x)
	f(x) = c * x ** 2
fitted parameters initialized with current variable values

iter      chisq       delta/lim  lambda   c            
   0 4.1041665616e+18   0.00e+00  2.87e+08    1.000000e+00
   5 3.1302469309e-03   0.00e+00  2.87e+03    1.065537e-10

After 5 iterations the fit converged.
final sum of squares of residuals : 0.00313025
rel. change during last iteration : 0

degrees of freedom    (FIT_NDF)                        : 49
rms of residuals      (FIT_STDFIT) = sqrt(WSSR/ndf)    : 0.00799266
variance of residuals (reduced chisquare) = WSSR/ndf   : 6.38826e-05

Final set of parameters            Asymptotic Standard Error
=======================            ==========================
c               = 1.06554e-10      +/- 3.945e-12    (3.703%)


*******************************************************************************
Wed Sep 21 17:50:24 2022


FIT:    data read from '/home/acki/Documents/Projet-final/bubble_sort_croissantV2.csv'
        format = z
        #datapoints = 50
        residuals are weighted equally (unit weight)

function used for fitting: f(x)
	f(x) = c * x
fitted parameters initialized with current variable values

iter      chisq       delta/lim  lambda   c            
   0 1.0731203800e+10   0.00e+00  1.47e+04    1.000000e+00
   4 2.5135110349e-06  -2.63e-02  1.47e+00    2.152599e-06

After 4 iterations the fit converged.
final sum of squares of residuals : 2.51351e-06
rel. change during last iteration : -2.62526e-07

degrees of freedom    (FIT_NDF)                        : 49
rms of residuals      (FIT_STDFIT) = sqrt(WSSR/ndf)    : 0.000226487
variance of residuals (reduced chisquare) = WSSR/ndf   : 5.12961e-08

Final set of parameters            Asymptotic Standard Error
=======================            ==========================
c               = 2.1526e-06       +/- 2.186e-09    (0.1016%)
