

*******************************************************************************
Sat Sep 24 17:45:44 2022


FIT:    data read from '/home/acki/Documents/Projet-final/bubble_sort_croissant_V2/bubble_sort_croissantV2.csv'
        format = z
        #datapoints = 50
        residuals are weighted equally (unit weight)

function used for fitting: f(x)
	f(x) = c * x
fitted parameters initialized with current variable values

iter      chisq       delta/lim  lambda   c            
   0 1.0731201879e+10   0.00e+00  1.47e+04    1.000000e+00
   4 3.3158675667e-05  -1.99e-03  1.47e+00    2.242121e-06

After 4 iterations the fit converged.
final sum of squares of residuals : 3.31587e-05
rel. change during last iteration : -1.99001e-08

degrees of freedom    (FIT_NDF)                        : 49
rms of residuals      (FIT_STDFIT) = sqrt(WSSR/ndf)    : 0.000822622
variance of residuals (reduced chisquare) = WSSR/ndf   : 6.76708e-07

Final set of parameters            Asymptotic Standard Error
=======================            ==========================
c               = 2.24212e-06      +/- 7.941e-09    (0.3542%)


*******************************************************************************
Sat Sep 24 17:46:41 2022


FIT:    data read from '/home/acki/Documents/Projet-final/bubble_sort_croissant_V2/bubble_sort_croissantV2.csv'
        format = z
        #datapoints = 50
        residuals are weighted equally (unit weight)

function used for fitting: f(x)
	f(x) = c * x
fitted parameters initialized with current variable values

iter      chisq       delta/lim  lambda   c            
   0 1.0731201879e+10   0.00e+00  1.47e+04    1.000000e+00
   4 3.3158675667e-05  -1.99e-03  1.47e+00    2.242121e-06

After 4 iterations the fit converged.
final sum of squares of residuals : 3.31587e-05
rel. change during last iteration : -1.99001e-08

degrees of freedom    (FIT_NDF)                        : 49
rms of residuals      (FIT_STDFIT) = sqrt(WSSR/ndf)    : 0.000822622
variance of residuals (reduced chisquare) = WSSR/ndf   : 6.76708e-07

Final set of parameters            Asymptotic Standard Error
=======================            ==========================
c               = 2.24212e-06      +/- 7.941e-09    (0.3542%)
