

*******************************************************************************
Wed Sep 21 17:54:04 2022


FIT:    data read from '/home/acki/Documents/Projet-final/counting_sort_best.csv'
        format = z
        #datapoints = 50
        residuals are weighted equally (unit weight)

function used for fitting: f(x)
	f(x) = c * x ** 2
fitted parameters initialized with current variable values

iter      chisq       delta/lim  lambda   c            
   0 4.1041665588e+18   0.00e+00  2.87e+08    1.000000e+00
   5 4.5168576952e-02   0.00e+00  2.87e+03    4.463546e-10

After 5 iterations the fit converged.
final sum of squares of residuals : 0.0451686
rel. change during last iteration : 0

degrees of freedom    (FIT_NDF)                        : 49
rms of residuals      (FIT_STDFIT) = sqrt(WSSR/ndf)    : 0.0303613
variance of residuals (reduced chisquare) = WSSR/ndf   : 0.000921808

Final set of parameters            Asymptotic Standard Error
=======================            ==========================
c               = 4.46355e-10      +/- 1.499e-11    (3.358%)


*******************************************************************************
Wed Sep 21 17:54:18 2022


FIT:    data read from '/home/acki/Documents/Projet-final/counting_sort_best.csv'
        format = z
        #datapoints = 50
        residuals are weighted equally (unit weight)

function used for fitting: f(x)
	f(x) = c * x
fitted parameters initialized with current variable values

iter      chisq       delta/lim  lambda   c            
   0 1.0731057605e+10   0.00e+00  1.47e+04    1.000000e+00
   4 5.0273954081e-04  -1.31e-04  1.47e+00    8.964300e-06

After 4 iterations the fit converged.
final sum of squares of residuals : 0.00050274
rel. change during last iteration : -1.31251e-09

degrees of freedom    (FIT_NDF)                        : 49
rms of residuals      (FIT_STDFIT) = sqrt(WSSR/ndf)    : 0.00320312
variance of residuals (reduced chisquare) = WSSR/ndf   : 1.026e-05

Final set of parameters            Asymptotic Standard Error
=======================            ==========================
c               = 8.9643e-06       +/- 3.092e-08    (0.3449%)
