

*******************************************************************************
Wed Sep 21 22:05:05 2022


FIT:    data read from '/home/acki/Documents/Projet-final/counting_sortlog/counting_sort_log.csv'
        format = z
        #datapoints = 50
        residuals are weighted equally (unit weight)

function used for fitting: f(x)
	f(x) = c * ((log(x)) + x )
fitted parameters initialized with current variable values

iter      chisq       delta/lim  lambda   c            
   0 9.3534668802e+09   0.00e+00  1.47e+04    1.000000e+00
   3 3.1238256085e+06  -4.60e-03  1.47e+01    6.708937e-02

After 3 iterations the fit converged.
final sum of squares of residuals : 3.12383e+06
rel. change during last iteration : -4.60137e-08

degrees of freedom    (FIT_NDF)                        : 49
rms of residuals      (FIT_STDFIT) = sqrt(WSSR/ndf)    : 252.491
variance of residuals (reduced chisquare) = WSSR/ndf   : 63751.5

Final set of parameters            Asymptotic Standard Error
=======================            ==========================
c               = 0.0670894        +/- 0.002436     (3.631%)


*******************************************************************************
Wed Sep 21 22:05:47 2022


FIT:    data read from '/home/acki/Documents/Projet-final/counting_sortlog/counting_sort_log.csv'
        format = z
        #datapoints = 50
        residuals are weighted equally (unit weight)

function used for fitting: f(x)
	f(x) = c * ((log(x)) + x )
fitted parameters initialized with current variable values

iter      chisq       delta/lim  lambda   c            
   0 1.0742779836e+10   0.00e+00  1.47e+04    1.000000e+00
   4 1.0980249607e-01  -6.02e-07  1.47e+00    3.543820e-05

After 4 iterations the fit converged.
final sum of squares of residuals : 0.109802
rel. change during last iteration : -6.0161e-12

degrees of freedom    (FIT_NDF)                        : 49
rms of residuals      (FIT_STDFIT) = sqrt(WSSR/ndf)    : 0.0473378
variance of residuals (reduced chisquare) = WSSR/ndf   : 0.00224087

Final set of parameters            Asymptotic Standard Error
=======================            ==========================
c               = 3.54382e-05      +/- 4.567e-07    (1.289%)


*******************************************************************************
Wed Sep 21 22:05:53 2022


FIT:    data read from '/home/acki/Documents/Projet-final/counting_sortlog/counting_sort_log.csv'
        format = z
        #datapoints = 50
        residuals are weighted equally (unit weight)

function used for fitting: f(x)
	f(x) = c * ((log(x)) + x )
fitted parameters initialized with current variable values

iter      chisq       delta/lim  lambda   c            
   0 1.0742841603e+10   0.00e+00  1.47e+04    1.000000e+00
   4 3.2765958537e-01  -2.02e-07  1.47e+00    3.256350e-05

After 4 iterations the fit converged.
final sum of squares of residuals : 0.32766
rel. change during last iteration : -2.01606e-12

degrees of freedom    (FIT_NDF)                        : 49
rms of residuals      (FIT_STDFIT) = sqrt(WSSR/ndf)    : 0.0817737
variance of residuals (reduced chisquare) = WSSR/ndf   : 0.00668693

Final set of parameters            Asymptotic Standard Error
=======================            ==========================
c               = 3.25635e-05      +/- 7.889e-07    (2.423%)


*******************************************************************************
Wed Sep 21 22:05:57 2022


FIT:    data read from '/home/acki/Documents/Projet-final/counting_sortlog/counting_sort_log.csv'
        format = z
        #datapoints = 50
        residuals are weighted equally (unit weight)

function used for fitting: f(x)
	f(x) = c * ((log(x)) + x )
fitted parameters initialized with current variable values

iter      chisq       delta/lim  lambda   c            
   0 1.0742830177e+10   0.00e+00  1.47e+04    1.000000e+00
   4 3.3552504300e-01  -1.97e-07  1.47e+00    3.309526e-05

After 4 iterations the fit converged.
final sum of squares of residuals : 0.335525
rel. change during last iteration : -1.9688e-12

degrees of freedom    (FIT_NDF)                        : 49
rms of residuals      (FIT_STDFIT) = sqrt(WSSR/ndf)    : 0.0827493
variance of residuals (reduced chisquare) = WSSR/ndf   : 0.00684745

Final set of parameters            Asymptotic Standard Error
=======================            ==========================
c               = 3.30953e-05      +/- 7.983e-07    (2.412%)


*******************************************************************************
Wed Sep 21 22:06:22 2022


FIT:    data read from '/home/acki/Documents/Projet-final/counting_sortlog/counting_sort_log.csv'
        format = z
        #datapoints = 50
        residuals are weighted equally (unit weight)

function used for fitting: f(x)
	f(x) = c * ((log(x)) + x )
fitted parameters initialized with current variable values

iter      chisq       delta/lim  lambda   c            
   0 1.0742853038e+10   0.00e+00  1.47e+04    1.000000e+00
   4 4.5143471816e-02  -1.46e-06  1.47e+00    3.203128e-05

After 4 iterations the fit converged.
final sum of squares of residuals : 0.0451435
rel. change during last iteration : -1.46328e-11

degrees of freedom    (FIT_NDF)                        : 49
rms of residuals      (FIT_STDFIT) = sqrt(WSSR/ndf)    : 0.0303528
variance of residuals (reduced chisquare) = WSSR/ndf   : 0.000921295

Final set of parameters            Asymptotic Standard Error
=======================            ==========================
c               = 3.20313e-05      +/- 2.928e-07    (0.9142%)
